
                        ===================================
                        Время вызова: 21 01 2025 17:39:59
                        Функция: hello_world
                        Аргументы: 
                                   не именованные: ()
                                   именованные:    {}
                        Результат: Hello World
                        ===================================
                        

                        ===================================
                        Время вызова: 21 01 2025 17:39:59
                        Функция: summator
                        Аргументы: 
                                   не именованные: (2, 2)
                                   именованные:    {}
                        Результат: 4
                        ===================================
                        

                        ===================================
                        Время вызова: 21 01 2025 17:39:59
                        Функция: div
                        Аргументы: 
                                   не именованные: (6, 2)
                                   именованные:    {}
                        Результат: 3.0
                        ===================================
                        

                        ===================================
                        Время вызова: 21 01 2025 17:39:59
                        Функция: summator
                        Аргументы: 
                                   не именованные: (4.3,)
                                   именованные:    {'b': 2.2}
                        Результат: 6.5
                        ===================================
                        
