
            ===================================
            Время вызова: 21 01 2025 12:48:07
            Функция: hello_world
            Аргументы: 
                       не именованные: ()
                       именованные:    {}
            Результат: Hello World
            ===================================
            

            ===================================
            Время вызова: 21 01 2025 12:48:07
            Функция: summator
            Аргументы: 
                       не именованные: (2, 2)
                       именованные:    {}
            Результат: 4
            ===================================
            

            ===================================
            Время вызова: 21 01 2025 12:48:07
            Функция: div
            Аргументы: 
                       не именованные: (6, 2)
                       именованные:    {}
            Результат: 3.0
            ===================================
            

            ===================================
            Время вызова: 21 01 2025 12:48:07
            Функция: summator
            Аргументы: 
                       не именованные: (4.3,)
                       именованные:    {'b': 2.2}
            Результат: 6.5
            ===================================
            

            ===================================
            Время вызова: 21 01 2025 12:48:07
            Функция: summator
            Аргументы: 
                       не именованные: ()
                       именованные:    {'a': 0, 'b': 0}
            Результат: 0
            ===================================
            
